Arguments: 
  /usr/local/bin/node /usr/local/Cellar/yarn/1.9.4/libexec/bin/yarn.js start

PATH: 
  /Users/pavelvasilyeu/google-cloud-sdk/bin:/usr/local/bin:/usr/bin:/bin:/usr/sbin:/sbin:/Users/pavelvasilyeu/pdfParser/node_modules/.bin

Yarn version: 
  1.9.4

Node version: 
  8.11.3

Platform: 
  darwin x64

Trace: 
  SyntaxError: /Users/pavelvasilyeu/mailSender/package.json: Unexpected token } in JSON at position 313
      at JSON.parse (<anonymous>)
      at /usr/local/Cellar/yarn/1.9.4/libexec/lib/cli.js:1130:59
      at Generator.next (<anonymous>)
      at step (/usr/local/Cellar/yarn/1.9.4/libexec/lib/cli.js:92:30)
      at /usr/local/Cellar/yarn/1.9.4/libexec/lib/cli.js:103:13
      at <anonymous>

npm manifest: 
  {
    "name": "mailSender",
    "version": "1.0.0",
    "description": "",
    "main": "index.js",
    "scripts": {
      "start": "node index.js",
      "test": "echo \"Error: no test specified\" && exit 1"
    },
    "author": "",
    "license": "ISC",
    "dependencies": {
      "csv-parser": "^2.3.0",
      "nodemailer": "^6.2.1",
    }
  }

yarn manifest: 
  No manifest

Lockfile: 
  No lockfile
